--- STARTING FLEXIBLE GCN SPEED COMPARISON ---
Step 1: Training on Original Graph...
----------------------------------------------------------
PROCESSING K=493
----------------------------------------------------------
--> Graph reddit_local_top493_eigen.dgl not found. Generating now...
--> [LOG] Loading reddit...
Original Graph: Graph(num_nodes=232965, num_edges=114615892,
      ndata_schemes={'label': Scheme(shape=(), dtype=torch.int64), 'feat': Scheme(shape=(602,), dtype=torch.float32), 'test_mask': Scheme(shape=(), dtype=torch.bool), 'val_mask': Scheme(shape=(), dtype=torch.bool), 'train_mask': Scheme(shape=(), dtype=torch.bool)}
      edata_schemes={})
--> [LOG] Computing Eigenvector Centrality on cuda...
--> [LOG] Converged at iteration 30
--> [LOG] Eigenvector calculation took 0.2203s
--> [LOG] Applying Local Top-493 Sparsification...

========================================
      LOCAL TOP-493 SUMMARY
========================================
Original Graph:  Nodes: 232965     Edges: 57307946  
Sparsified Graph: Nodes: 232965     Edges: 30241202  
Strategy:        Each node kept up to 493 neighbors based on Eigen Centrality.
========================================

--> Training GCN on reddit_local_top493_eigen.dgl...
--> Done. Results in ./output/gcn_sparsified_K493_1185.txt
--- ALL GCN SPEED EXPERIMENTS COMPLETE ---
