--- STARTING OGBN-PRODUCTS EXPERIMENT ---
Step 1: Training GCN on Original Graph...
----------------------------------------------------------
PROCESSING K=5
----------------------------------------------------------
--> Generating ogbn-products_local_top5_eigen.dgl...
--> [LOG] Loading ogbn-products...
Original Graph: Graph(num_nodes=2449029, num_edges=123718152,
      ndata_schemes={'feat': Scheme(shape=(100,), dtype=torch.float32), 'label': Scheme(shape=(), dtype=torch.int64), 'train_mask': Scheme(shape=(), dtype=torch.bool), 'val_mask': Scheme(shape=(), dtype=torch.bool), 'test_mask': Scheme(shape=(), dtype=torch.bool)}
      edata_schemes={})
--> [LOG] Computing Eigenvector Centrality on cuda...
--> [LOG] Converged at iteration 47
--> [LOG] Eigenvector calculation took 0.6925s
--> [LOG] Applying Local Top-5 Sparsification...

========================================
      LOCAL TOP-5 SUMMARY
========================================
Original Graph:  Nodes: 2449029    Edges: 61859076  
Sparsified Graph: Nodes: 2449029    Edges: 5554959   
Strategy:        Each node kept up to 5 neighbors based on Eigen Centrality.
========================================

--> Training GCN on ogbn-products_local_top5_eigen.dgl...
----------------------------------------------------------
PROCESSING K=10
----------------------------------------------------------
--> Generating ogbn-products_local_top10_eigen.dgl...
--> [LOG] Loading ogbn-products...
Original Graph: Graph(num_nodes=2449029, num_edges=123718152,
      ndata_schemes={'feat': Scheme(shape=(100,), dtype=torch.float32), 'label': Scheme(shape=(), dtype=torch.int64), 'train_mask': Scheme(shape=(), dtype=torch.bool), 'val_mask': Scheme(shape=(), dtype=torch.bool), 'test_mask': Scheme(shape=(), dtype=torch.bool)}
      edata_schemes={})
--> [LOG] Computing Eigenvector Centrality on cuda...
--> [LOG] Converged at iteration 47
--> [LOG] Eigenvector calculation took 0.4893s
--> [LOG] Applying Local Top-10 Sparsification...

========================================
      LOCAL TOP-10 SUMMARY
========================================
Original Graph:  Nodes: 2449029    Edges: 61859076  
Sparsified Graph: Nodes: 2449029    Edges: 10226099  
Strategy:        Each node kept up to 10 neighbors based on Eigen Centrality.
========================================

--> Training GCN on ogbn-products_local_top10_eigen.dgl...
----------------------------------------------------------
PROCESSING K=25
----------------------------------------------------------
--> Generating ogbn-products_local_top25_eigen.dgl...
--> [LOG] Loading ogbn-products...
Original Graph: Graph(num_nodes=2449029, num_edges=123718152,
      ndata_schemes={'feat': Scheme(shape=(100,), dtype=torch.float32), 'label': Scheme(shape=(), dtype=torch.int64), 'train_mask': Scheme(shape=(), dtype=torch.bool), 'val_mask': Scheme(shape=(), dtype=torch.bool), 'test_mask': Scheme(shape=(), dtype=torch.bool)}
      edata_schemes={})
--> [LOG] Computing Eigenvector Centrality on cuda...
--> [LOG] Converged at iteration 47
--> [LOG] Eigenvector calculation took 0.5331s
--> [LOG] Applying Local Top-25 Sparsification...

========================================
      LOCAL TOP-25 SUMMARY
========================================
Original Graph:  Nodes: 2449029    Edges: 61859076  
Sparsified Graph: Nodes: 2449029    Edges: 21103084  
Strategy:        Each node kept up to 25 neighbors based on Eigen Centrality.
========================================

--> Training GCN on ogbn-products_local_top25_eigen.dgl...
----------------------------------------------------------
PROCESSING K=50
----------------------------------------------------------
--> Generating ogbn-products_local_top50_eigen.dgl...
--> [LOG] Loading ogbn-products...
Original Graph: Graph(num_nodes=2449029, num_edges=123718152,
      ndata_schemes={'feat': Scheme(shape=(100,), dtype=torch.float32), 'label': Scheme(shape=(), dtype=torch.int64), 'train_mask': Scheme(shape=(), dtype=torch.bool), 'val_mask': Scheme(shape=(), dtype=torch.bool), 'test_mask': Scheme(shape=(), dtype=torch.bool)}
      edata_schemes={})
--> [LOG] Computing Eigenvector Centrality on cuda...
--> [LOG] Converged at iteration 47
--> [LOG] Eigenvector calculation took 0.3891s
--> [LOG] Applying Local Top-50 Sparsification...

========================================
      LOCAL TOP-50 SUMMARY
========================================
Original Graph:  Nodes: 2449029    Edges: 61859076  
Sparsified Graph: Nodes: 2449029    Edges: 33480780  
Strategy:        Each node kept up to 50 neighbors based on Eigen Centrality.
========================================

--> Training GCN on ogbn-products_local_top50_eigen.dgl...
----------------------------------------------------------
PROCESSING K=100
----------------------------------------------------------
--> Generating ogbn-products_local_top100_eigen.dgl...
--> [LOG] Loading ogbn-products...
Original Graph: Graph(num_nodes=2449029, num_edges=123718152,
      ndata_schemes={'feat': Scheme(shape=(100,), dtype=torch.float32), 'label': Scheme(shape=(), dtype=torch.int64), 'train_mask': Scheme(shape=(), dtype=torch.bool), 'val_mask': Scheme(shape=(), dtype=torch.bool), 'test_mask': Scheme(shape=(), dtype=torch.bool)}
      edata_schemes={})
--> [LOG] Computing Eigenvector Centrality on cuda...
--> [LOG] Converged at iteration 47
--> [LOG] Eigenvector calculation took 0.5304s
--> [LOG] Applying Local Top-100 Sparsification...

========================================
      LOCAL TOP-100 SUMMARY
========================================
Original Graph:  Nodes: 2449029    Edges: 61859076  
Sparsified Graph: Nodes: 2449029    Edges: 46118496  
Strategy:        Each node kept up to 100 neighbors based on Eigen Centrality.
========================================

--> Training GCN on ogbn-products_local_top100_eigen.dgl...
----------------------------------------------------------
PROCESSING K=250
----------------------------------------------------------
--> Generating ogbn-products_local_top250_eigen.dgl...
--> [LOG] Loading ogbn-products...
Original Graph: Graph(num_nodes=2449029, num_edges=123718152,
      ndata_schemes={'feat': Scheme(shape=(100,), dtype=torch.float32), 'label': Scheme(shape=(), dtype=torch.int64), 'train_mask': Scheme(shape=(), dtype=torch.bool), 'val_mask': Scheme(shape=(), dtype=torch.bool), 'test_mask': Scheme(shape=(), dtype=torch.bool)}
      edata_schemes={})
--> [LOG] Computing Eigenvector Centrality on cuda...
--> [LOG] Converged at iteration 47
--> [LOG] Eigenvector calculation took 0.5002s
--> [LOG] Applying Local Top-250 Sparsification...

========================================
      LOCAL TOP-250 SUMMARY
========================================
Original Graph:  Nodes: 2449029    Edges: 61859076  
Sparsified Graph: Nodes: 2449029    Edges: 55851968  
Strategy:        Each node kept up to 250 neighbors based on Eigen Centrality.
========================================

--> Training GCN on ogbn-products_local_top250_eigen.dgl...
----------------------------------------------------------
PROCESSING K=500
----------------------------------------------------------
--> Generating ogbn-products_local_top500_eigen.dgl...
--> [LOG] Loading ogbn-products...
Original Graph: Graph(num_nodes=2449029, num_edges=123718152,
      ndata_schemes={'feat': Scheme(shape=(100,), dtype=torch.float32), 'label': Scheme(shape=(), dtype=torch.int64), 'train_mask': Scheme(shape=(), dtype=torch.bool), 'val_mask': Scheme(shape=(), dtype=torch.bool), 'test_mask': Scheme(shape=(), dtype=torch.bool)}
      edata_schemes={})
--> [LOG] Computing Eigenvector Centrality on cuda...
--> [LOG] Converged at iteration 47
--> [LOG] Eigenvector calculation took 0.5109s
--> [LOG] Applying Local Top-500 Sparsification...

========================================
      LOCAL TOP-500 SUMMARY
========================================
Original Graph:  Nodes: 2449029    Edges: 61859076  
Sparsified Graph: Nodes: 2449029    Edges: 59336011  
Strategy:        Each node kept up to 500 neighbors based on Eigen Centrality.
========================================

--> Training GCN on ogbn-products_local_top500_eigen.dgl...
--- OGBN-PRODUCTS EXPERIMENT COMPLETE ---
