--- STARTING OGBN-ARXIV EXPERIMENT ---
Step 1: Training GCN on Original Graph...
----------------------------------------------------------
PROCESSING K=15
----------------------------------------------------------
--> Generating ogbn-arxiv_local_top15_eigen.dgl...
--> [LOG] Loading ogbn-arxiv...
Original Graph: Graph(num_nodes=169343, num_edges=2315598,
      ndata_schemes={'year': Scheme(shape=(1,), dtype=torch.int64), 'feat': Scheme(shape=(128,), dtype=torch.float32), 'label': Scheme(shape=(), dtype=torch.int64), 'train_mask': Scheme(shape=(), dtype=torch.bool), 'val_mask': Scheme(shape=(), dtype=torch.bool), 'test_mask': Scheme(shape=(), dtype=torch.bool)}
      edata_schemes={})
--> [LOG] Computing Eigenvector Centrality on cuda...
--> [LOG] Converged at iteration 79
--> [LOG] Eigenvector calculation took 0.0729s
--> [LOG] Applying Local Top-15 Sparsification...

========================================
      LOCAL TOP-15 SUMMARY
========================================
Original Graph:  Nodes: 169343     Edges: 1157799   
Sparsified Graph: Nodes: 169343     Edges: 645932    
Strategy:        Each node kept up to 15 neighbors based on Eigen Centrality.
========================================

--> Training GCN on ogbn-arxiv_local_top15_eigen.dgl...
--- OGBN-ARXIV EXPERIMENT COMPLETE ---
