--- STARTING YELP EXPERIMENT ---
Step 1: Training GCN on Original Graph...
----------------------------------------------------------
PROCESSING K=5
----------------------------------------------------------
--> Generating yelp_local_top5_eigen.dgl...
--> [LOG] Loading yelp...
Done loading data from cached files.
Original Graph: Graph(num_nodes=45954, num_edges=7693958,
      ndata_schemes={'_ID': Scheme(shape=(), dtype=torch.int64), '_TYPE': Scheme(shape=(), dtype=torch.int64), 'feat': Scheme(shape=(32,), dtype=torch.float32), 'label': Scheme(shape=(), dtype=torch.int64), 'train_mask': Scheme(shape=(), dtype=torch.uint8), 'val_mask': Scheme(shape=(), dtype=torch.uint8), 'test_mask': Scheme(shape=(), dtype=torch.uint8)}
      edata_schemes={})
--> [LOG] Computing Eigenvector Centrality on cuda...
--> [LOG] Converged at iteration 47
--> [LOG] Eigenvector calculation took 0.0547s
--> [LOG] Applying Local Top-5 Sparsification...

========================================
      LOCAL TOP-5 SUMMARY
========================================
Original Graph:  Nodes: 45954      Edges: 3846979   
Sparsified Graph: Nodes: 45954      Edges: 114621    
Strategy:        Each node kept up to 5 neighbors based on Eigen Centrality.
========================================

--> Training GCN on yelp_local_top5_eigen.dgl...
----------------------------------------------------------
PROCESSING K=10
----------------------------------------------------------
--> Generating yelp_local_top10_eigen.dgl...
--> [LOG] Loading yelp...
Done loading data from cached files.
Original Graph: Graph(num_nodes=45954, num_edges=7693958,
      ndata_schemes={'_ID': Scheme(shape=(), dtype=torch.int64), '_TYPE': Scheme(shape=(), dtype=torch.int64), 'feat': Scheme(shape=(32,), dtype=torch.float32), 'label': Scheme(shape=(), dtype=torch.int64), 'train_mask': Scheme(shape=(), dtype=torch.uint8), 'val_mask': Scheme(shape=(), dtype=torch.uint8), 'test_mask': Scheme(shape=(), dtype=torch.uint8)}
      edata_schemes={})
--> [LOG] Computing Eigenvector Centrality on cuda...
--> [LOG] Converged at iteration 47
--> [LOG] Eigenvector calculation took 0.0746s
--> [LOG] Applying Local Top-10 Sparsification...

========================================
      LOCAL TOP-10 SUMMARY
========================================
Original Graph:  Nodes: 45954      Edges: 3846979   
Sparsified Graph: Nodes: 45954      Edges: 228363    
Strategy:        Each node kept up to 10 neighbors based on Eigen Centrality.
========================================

--> Training GCN on yelp_local_top10_eigen.dgl...
----------------------------------------------------------
PROCESSING K=25
----------------------------------------------------------
--> Generating yelp_local_top25_eigen.dgl...
--> [LOG] Loading yelp...
Done loading data from cached files.
Original Graph: Graph(num_nodes=45954, num_edges=7693958,
      ndata_schemes={'_ID': Scheme(shape=(), dtype=torch.int64), '_TYPE': Scheme(shape=(), dtype=torch.int64), 'feat': Scheme(shape=(32,), dtype=torch.float32), 'label': Scheme(shape=(), dtype=torch.int64), 'train_mask': Scheme(shape=(), dtype=torch.uint8), 'val_mask': Scheme(shape=(), dtype=torch.uint8), 'test_mask': Scheme(shape=(), dtype=torch.uint8)}
      edata_schemes={})
--> [LOG] Computing Eigenvector Centrality on cuda...
--> [LOG] Converged at iteration 47
--> [LOG] Eigenvector calculation took 0.0565s
--> [LOG] Applying Local Top-25 Sparsification...

========================================
      LOCAL TOP-25 SUMMARY
========================================
Original Graph:  Nodes: 45954      Edges: 3846979   
Sparsified Graph: Nodes: 45954      Edges: 562790    
Strategy:        Each node kept up to 25 neighbors based on Eigen Centrality.
========================================

--> Training GCN on yelp_local_top25_eigen.dgl...
----------------------------------------------------------
PROCESSING K=50
----------------------------------------------------------
--> Generating yelp_local_top50_eigen.dgl...
--> [LOG] Loading yelp...
Done loading data from cached files.
Original Graph: Graph(num_nodes=45954, num_edges=7693958,
      ndata_schemes={'_ID': Scheme(shape=(), dtype=torch.int64), '_TYPE': Scheme(shape=(), dtype=torch.int64), 'feat': Scheme(shape=(32,), dtype=torch.float32), 'label': Scheme(shape=(), dtype=torch.int64), 'train_mask': Scheme(shape=(), dtype=torch.uint8), 'val_mask': Scheme(shape=(), dtype=torch.uint8), 'test_mask': Scheme(shape=(), dtype=torch.uint8)}
      edata_schemes={})
--> [LOG] Computing Eigenvector Centrality on cuda...
--> [LOG] Converged at iteration 47
--> [LOG] Eigenvector calculation took 0.0543s
--> [LOG] Applying Local Top-50 Sparsification...

========================================
      LOCAL TOP-50 SUMMARY
========================================
Original Graph:  Nodes: 45954      Edges: 3846979   
Sparsified Graph: Nodes: 45954      Edges: 1090019   
Strategy:        Each node kept up to 50 neighbors based on Eigen Centrality.
========================================

--> Training GCN on yelp_local_top50_eigen.dgl...
----------------------------------------------------------
PROCESSING K=100
----------------------------------------------------------
--> Generating yelp_local_top100_eigen.dgl...
--> [LOG] Loading yelp...
Done loading data from cached files.
Original Graph: Graph(num_nodes=45954, num_edges=7693958,
      ndata_schemes={'_ID': Scheme(shape=(), dtype=torch.int64), '_TYPE': Scheme(shape=(), dtype=torch.int64), 'feat': Scheme(shape=(32,), dtype=torch.float32), 'label': Scheme(shape=(), dtype=torch.int64), 'train_mask': Scheme(shape=(), dtype=torch.uint8), 'val_mask': Scheme(shape=(), dtype=torch.uint8), 'test_mask': Scheme(shape=(), dtype=torch.uint8)}
      edata_schemes={})
--> [LOG] Computing Eigenvector Centrality on cuda...
--> [LOG] Converged at iteration 47
--> [LOG] Eigenvector calculation took 0.0739s
--> [LOG] Applying Local Top-100 Sparsification...

========================================
      LOCAL TOP-100 SUMMARY
========================================
Original Graph:  Nodes: 45954      Edges: 3846979   
Sparsified Graph: Nodes: 45954      Edges: 2003453   
Strategy:        Each node kept up to 100 neighbors based on Eigen Centrality.
========================================

--> Training GCN on yelp_local_top100_eigen.dgl...
----------------------------------------------------------
PROCESSING K=250
----------------------------------------------------------
--> Generating yelp_local_top250_eigen.dgl...
--> [LOG] Loading yelp...
Done loading data from cached files.
Original Graph: Graph(num_nodes=45954, num_edges=7693958,
      ndata_schemes={'_ID': Scheme(shape=(), dtype=torch.int64), '_TYPE': Scheme(shape=(), dtype=torch.int64), 'feat': Scheme(shape=(32,), dtype=torch.float32), 'label': Scheme(shape=(), dtype=torch.int64), 'train_mask': Scheme(shape=(), dtype=torch.uint8), 'val_mask': Scheme(shape=(), dtype=torch.uint8), 'test_mask': Scheme(shape=(), dtype=torch.uint8)}
      edata_schemes={})
--> [LOG] Computing Eigenvector Centrality on cuda...
--> [LOG] Converged at iteration 47
--> [LOG] Eigenvector calculation took 0.0577s
--> [LOG] Applying Local Top-250 Sparsification...

========================================
      LOCAL TOP-250 SUMMARY
========================================
Original Graph:  Nodes: 45954      Edges: 3846979   
Sparsified Graph: Nodes: 45954      Edges: 3604020   
Strategy:        Each node kept up to 250 neighbors based on Eigen Centrality.
========================================

--> Training GCN on yelp_local_top250_eigen.dgl...
--- YELP EXPERIMENT COMPLETE ---
