--- STARTING YELP GLOBAL EIGEN SPARSIFICATION EXPERIMENT ---
Step 1: Training GCN on Original Graph...
----------------------------------------------------------
PROCESSING Keep Fraction: 0.8
----------------------------------------------------------
--> Generating yelp_eigen_p0.8.dgl...
--> [LOG] Loading yelp...
Done loading data from cached files.
Original Graph: Graph(num_nodes=45954, num_edges=7693958,
      ndata_schemes={'_ID': Scheme(shape=(), dtype=torch.int64), '_TYPE': Scheme(shape=(), dtype=torch.int64), 'feat': Scheme(shape=(32,), dtype=torch.float32), 'label': Scheme(shape=(), dtype=torch.int64), 'train_mask': Scheme(shape=(), dtype=torch.uint8), 'val_mask': Scheme(shape=(), dtype=torch.uint8), 'test_mask': Scheme(shape=(), dtype=torch.uint8)}
      edata_schemes={})
--> [LOG] Computing Eigenvector Centrality on cuda...
--> [LOG] Converged at iteration 47
--> [LOG] Eigenvector calculation took 0.0555s
--> [LOG] Calculating edge scores and sparsifying using Eigenvector strategy...
--> [LOG] Target edge count: 6155166 / 7693958
--> [LOG] Ensuring connectivity (Maximum Spanning Tree + Top Edges)...
--> [LOG] Added 45928 edges to maintain connectivity.
--> [LOG] Total edges kept: 6155166
--> [SUCCESS] Sparsified graph saved to yelp_eigen_p0.8.dgl

========================================
      GRAPH SPARSIFICATION SUMMARY
========================================
Original Graph:  Nodes: 45954      Edges: 3846979   
Sparsified Graph: Nodes: 45954      Edges: 3077583   
Retention:       80.0% of edges kept
========================================

--> Training GCN on yelp_eigen_p0.8.dgl...
----------------------------------------------------------
PROCESSING Keep Fraction: 0.7
----------------------------------------------------------
--> Generating yelp_eigen_p0.7.dgl...
--> [LOG] Loading yelp...
Done loading data from cached files.
Original Graph: Graph(num_nodes=45954, num_edges=7693958,
      ndata_schemes={'_ID': Scheme(shape=(), dtype=torch.int64), '_TYPE': Scheme(shape=(), dtype=torch.int64), 'feat': Scheme(shape=(32,), dtype=torch.float32), 'label': Scheme(shape=(), dtype=torch.int64), 'train_mask': Scheme(shape=(), dtype=torch.uint8), 'val_mask': Scheme(shape=(), dtype=torch.uint8), 'test_mask': Scheme(shape=(), dtype=torch.uint8)}
      edata_schemes={})
--> [LOG] Computing Eigenvector Centrality on cuda...
--> [LOG] Converged at iteration 47
--> [LOG] Eigenvector calculation took 0.0738s
--> [LOG] Calculating edge scores and sparsifying using Eigenvector strategy...
--> [LOG] Target edge count: 5385770 / 7693958
--> [LOG] Ensuring connectivity (Maximum Spanning Tree + Top Edges)...
--> [LOG] Added 45928 edges to maintain connectivity.
--> [LOG] Total edges kept: 5385770
--> [SUCCESS] Sparsified graph saved to yelp_eigen_p0.7.dgl

========================================
      GRAPH SPARSIFICATION SUMMARY
========================================
Original Graph:  Nodes: 45954      Edges: 3846979   
Sparsified Graph: Nodes: 45954      Edges: 2692885   
Retention:       70.0% of edges kept
========================================

--> Training GCN on yelp_eigen_p0.7.dgl...
----------------------------------------------------------
PROCESSING Keep Fraction: 0.6
----------------------------------------------------------
--> Generating yelp_eigen_p0.6.dgl...
--> [LOG] Loading yelp...
Done loading data from cached files.
Original Graph: Graph(num_nodes=45954, num_edges=7693958,
      ndata_schemes={'_ID': Scheme(shape=(), dtype=torch.int64), '_TYPE': Scheme(shape=(), dtype=torch.int64), 'feat': Scheme(shape=(32,), dtype=torch.float32), 'label': Scheme(shape=(), dtype=torch.int64), 'train_mask': Scheme(shape=(), dtype=torch.uint8), 'val_mask': Scheme(shape=(), dtype=torch.uint8), 'test_mask': Scheme(shape=(), dtype=torch.uint8)}
      edata_schemes={})
--> [LOG] Computing Eigenvector Centrality on cuda...
--> [LOG] Converged at iteration 47
--> [LOG] Eigenvector calculation took 0.0550s
--> [LOG] Calculating edge scores and sparsifying using Eigenvector strategy...
--> [LOG] Target edge count: 4616374 / 7693958
--> [LOG] Ensuring connectivity (Maximum Spanning Tree + Top Edges)...
--> [LOG] Added 45928 edges to maintain connectivity.
--> [LOG] Total edges kept: 4616374
--> [SUCCESS] Sparsified graph saved to yelp_eigen_p0.6.dgl

========================================
      GRAPH SPARSIFICATION SUMMARY
========================================
Original Graph:  Nodes: 45954      Edges: 3846979   
Sparsified Graph: Nodes: 45954      Edges: 2308187   
Retention:       60.0% of edges kept
========================================

--> Training GCN on yelp_eigen_p0.6.dgl...
----------------------------------------------------------
PROCESSING Keep Fraction: 0.5
----------------------------------------------------------
--> Generating yelp_eigen_p0.5.dgl...
--> [LOG] Loading yelp...
Done loading data from cached files.
Original Graph: Graph(num_nodes=45954, num_edges=7693958,
      ndata_schemes={'_ID': Scheme(shape=(), dtype=torch.int64), '_TYPE': Scheme(shape=(), dtype=torch.int64), 'feat': Scheme(shape=(32,), dtype=torch.float32), 'label': Scheme(shape=(), dtype=torch.int64), 'train_mask': Scheme(shape=(), dtype=torch.uint8), 'val_mask': Scheme(shape=(), dtype=torch.uint8), 'test_mask': Scheme(shape=(), dtype=torch.uint8)}
      edata_schemes={})
--> [LOG] Computing Eigenvector Centrality on cuda...
--> [LOG] Converged at iteration 47
--> [LOG] Eigenvector calculation took 0.0545s
--> [LOG] Calculating edge scores and sparsifying using Eigenvector strategy...
--> [LOG] Target edge count: 3846979 / 7693958
--> [LOG] Ensuring connectivity (Maximum Spanning Tree + Top Edges)...
--> [LOG] Added 45928 edges to maintain connectivity.
--> [LOG] Total edges kept: 3846979
--> [SUCCESS] Sparsified graph saved to yelp_eigen_p0.5.dgl

========================================
      GRAPH SPARSIFICATION SUMMARY
========================================
Original Graph:  Nodes: 45954      Edges: 3846979   
Sparsified Graph: Nodes: 45954      Edges: 1923489   
Retention:       50.0% of edges kept
========================================

--> Training GCN on yelp_eigen_p0.5.dgl...
--- YELP GLOBAL EIGEN EXPERIMENT COMPLETE ---
